0:0:0:0:0:0:0:1 -  -  [13/Aug/2015:06:50:05 +0000] "GET / HTTP/1.1" 200 11793  2057
0:0:0:0:0:0:0:1 -  -  [13/Aug/2015:06:50:08 +0000] "GET /c/toggle-switch.css HTTP/1.1" 304 0  5
0:0:0:0:0:0:0:1 -  -  [13/Aug/2015:06:50:08 +0000] "GET /c/jquery.gridster.min.css HTTP/1.1" 304 0  17
0:0:0:0:0:0:0:1 -  -  [13/Aug/2015:06:50:08 +0000] "GET /c/jquery-ui.min.css HTTP/1.1" 304 0  13
0:0:0:0:0:0:0:1 -  -  [13/Aug/2015:06:50:08 +0000] "GET /c/jquery-ui.structure.min.css HTTP/1.1" 304 0  5
0:0:0:0:0:0:0:1 -  -  [13/Aug/2015:06:50:08 +0000] "GET /c/style.css HTTP/1.1" 304 0  5
0:0:0:0:0:0:0:1 -  -  [13/Aug/2015:06:50:08 +0000] "GET /c/jquery-ui.theme.min.css HTTP/1.1" 304 0  8
0:0:0:0:0:0:0:1 -  -  [13/Aug/2015:06:50:08 +0000] "GET /s/jquery.gridster.min.js HTTP/1.1" 304 0  3
0:0:0:0:0:0:0:1 -  -  [13/Aug/2015:06:50:08 +0000] "GET /s/jquery-1.11.0.min.js HTTP/1.1" 304 0  3
0:0:0:0:0:0:0:1 -  -  [13/Aug/2015:06:50:08 +0000] "GET /s/Chart.min.js HTTP/1.1" 304 0  3
0:0:0:0:0:0:0:1 -  -  [13/Aug/2015:06:50:08 +0000] "GET /s/jquery-ui.min.js HTTP/1.1" 304 0  3
0:0:0:0:0:0:0:1 -  -  [13/Aug/2015:06:50:08 +0000] "GET /s/gauge.min.js HTTP/1.1" 304 0  8
0:0:0:0:0:0:0:1 -  -  [13/Aug/2015:06:50:08 +0000] "GET /c/images/ui-bg_glass_100_f6f6f6_1x400.png HTTP/1.1" 304 0  2
0:0:0:0:0:0:0:1 -  -  [13/Aug/2015:06:50:08 +0000] "GET /fonts/digital-7-mono.ttf HTTP/1.1" 304 0  28
0:0:0:0:0:0:0:1 -  -  [13/Aug/2015:06:50:10 +0000] "GET /ph HTTP/1.1" 200 15  133
0:0:0:0:0:0:0:1 -  -  [13/Aug/2015:06:50:10 +0000] "GET /temperature_history?days=1 HTTP/1.1" 200 42  156
0:0:0:0:0:0:0:1 -  -  [13/Aug/2015:06:50:10 +0000] "GET /temperature HTTP/1.1" 200 43  155
0:0:0:0:0:0:0:1 -  -  [13/Aug/2015:06:50:14 +0000] "GET /ph HTTP/1.1" 200 15  1
0:0:0:0:0:0:0:1 -  -  [13/Aug/2015:06:50:14 +0000] "GET /temperature HTTP/1.1" 200 43  2
0:0:0:0:0:0:0:1 -  -  [13/Aug/2015:06:50:16 +0000] "GET /ph HTTP/1.1" 200 15  1
0:0:0:0:0:0:0:1 -  -  [13/Aug/2015:06:50:16 +0000] "GET /temperature HTTP/1.1" 200 43  2
0:0:0:0:0:0:0:1 -  -  [13/Aug/2015:06:50:18 +0000] "GET /ph HTTP/1.1" 200 15  1
0:0:0:0:0:0:0:1 -  -  [13/Aug/2015:06:50:18 +0000] "GET /temperature HTTP/1.1" 200 43  1
0:0:0:0:0:0:0:1 -  -  [13/Aug/2015:06:50:20 +0000] "GET /ph HTTP/1.1" 200 15  1
0:0:0:0:0:0:0:1 -  -  [13/Aug/2015:06:50:20 +0000] "GET /temperature HTTP/1.1" 200 43  2
0:0:0:0:0:0:0:1 -  -  [13/Aug/2015:06:50:22 +0000] "GET /ph HTTP/1.1" 200 15  1
0:0:0:0:0:0:0:1 -  -  [13/Aug/2015:06:50:22 +0000] "GET /temperature HTTP/1.1" 200 43  1
0:0:0:0:0:0:0:1 -  -  [13/Aug/2015:06:50:24 +0000] "GET /ph HTTP/1.1" 200 15  1
0:0:0:0:0:0:0:1 -  -  [13/Aug/2015:06:50:24 +0000] "GET /temperature HTTP/1.1" 200 43  1
0:0:0:0:0:0:0:1 -  -  [13/Aug/2015:06:50:26 +0000] "GET /ph HTTP/1.1" 200 15  1
0:0:0:0:0:0:0:1 -  -  [13/Aug/2015:06:50:26 +0000] "GET /temperature HTTP/1.1" 200 43  1
0:0:0:0:0:0:0:1 -  -  [13/Aug/2015:06:50:28 +0000] "GET /ph HTTP/1.1" 200 15  2
0:0:0:0:0:0:0:1 -  -  [13/Aug/2015:06:50:28 +0000] "GET /temperature HTTP/1.1" 200 43  1
0:0:0:0:0:0:0:1 -  -  [13/Aug/2015:06:50:30 +0000] "GET /ph HTTP/1.1" 200 15  1
0:0:0:0:0:0:0:1 -  -  [13/Aug/2015:06:50:30 +0000] "GET /temperature HTTP/1.1" 200 43  1
0:0:0:0:0:0:0:1 -  -  [13/Aug/2015:06:50:32 +0000] "GET /ph HTTP/1.1" 200 15  1
0:0:0:0:0:0:0:1 -  -  [13/Aug/2015:06:50:32 +0000] "GET /temperature HTTP/1.1" 200 43  1
0:0:0:0:0:0:0:1 -  -  [13/Aug/2015:06:50:34 +0000] "GET /ph HTTP/1.1" 200 15  1
0:0:0:0:0:0:0:1 -  -  [13/Aug/2015:06:50:34 +0000] "GET /temperature HTTP/1.1" 200 43  1
0:0:0:0:0:0:0:1 -  -  [13/Aug/2015:06:53:07 +0000] "GET /ph HTTP/1.1" 200 13  93
0:0:0:0:0:0:0:1 -  -  [13/Aug/2015:06:53:07 +0000] "GET /temperature HTTP/1.1" 200 40  105
0:0:0:0:0:0:0:1 -  -  [13/Aug/2015:06:53:10 +0000] "GET /ph HTTP/1.1" 200 13  1
0:0:0:0:0:0:0:1 -  -  [13/Aug/2015:06:53:10 +0000] "GET /temperature HTTP/1.1" 200 43  1
0:0:0:0:0:0:0:1 -  -  [13/Aug/2015:06:53:13 +0000] "GET /ph HTTP/1.1" 200 14  2
0:0:0:0:0:0:0:1 -  -  [13/Aug/2015:06:53:13 +0000] "GET /temperature HTTP/1.1" 200 43  2
0:0:0:0:0:0:0:1 -  -  [13/Aug/2015:06:53:16 +0000] "GET /ph HTTP/1.1" 200 14  1
0:0:0:0:0:0:0:1 -  -  [13/Aug/2015:06:53:16 +0000] "GET /temperature HTTP/1.1" 200 43  1
0:0:0:0:0:0:0:1 -  -  [13/Aug/2015:06:53:19 +0000] "GET /ph HTTP/1.1" 200 14  1
0:0:0:0:0:0:0:1 -  -  [13/Aug/2015:06:53:19 +0000] "GET /temperature HTTP/1.1" 200 43  1
0:0:0:0:0:0:0:1 -  -  [13/Aug/2015:06:53:22 +0000] "GET /temperature HTTP/1.1" 200 43  1
0:0:0:0:0:0:0:1 -  -  [13/Aug/2015:06:53:22 +0000] "GET /ph HTTP/1.1" 200 14  1
0:0:0:0:0:0:0:1 -  -  [13/Aug/2015:06:53:25 +0000] "GET /temperature HTTP/1.1" 200 43  1
0:0:0:0:0:0:0:1 -  -  [13/Aug/2015:06:53:25 +0000] "GET /ph HTTP/1.1" 200 14  1
0:0:0:0:0:0:0:1 -  -  [13/Aug/2015:06:53:27 +0000] "GET /ph HTTP/1.1" 200 14  2
0:0:0:0:0:0:0:1 -  -  [13/Aug/2015:06:53:27 +0000] "GET /temperature HTTP/1.1" 200 43  2
0:0:0:0:0:0:0:1 -  -  [13/Aug/2015:06:53:29 +0000] "GET /ph HTTP/1.1" 200 14  1
0:0:0:0:0:0:0:1 -  -  [13/Aug/2015:06:53:29 +0000] "GET /temperature HTTP/1.1" 200 43  4
0:0:0:0:0:0:0:1 -  -  [13/Aug/2015:06:53:29 +0000] "GET / HTTP/1.1" 200 11793  1600
0:0:0:0:0:0:0:1 -  -  [13/Aug/2015:06:53:33 +0000] "GET /temperature HTTP/1.1" 200 43  2
0:0:0:0:0:0:0:1 -  -  [13/Aug/2015:06:53:33 +0000] "GET /ph HTTP/1.1" 200 15  2
0:0:0:0:0:0:0:1 -  -  [13/Aug/2015:06:53:35 +0000] "GET /ph HTTP/1.1" 200 15  1
0:0:0:0:0:0:0:1 -  -  [13/Aug/2015:06:53:35 +0000] "GET /temperature HTTP/1.1" 200 43  1
0:0:0:0:0:0:0:1 -  -  [13/Aug/2015:06:53:37 +0000] "GET /ph HTTP/1.1" 200 15  1
0:0:0:0:0:0:0:1 -  -  [13/Aug/2015:06:53:37 +0000] "GET /temperature HTTP/1.1" 200 43  1
0:0:0:0:0:0:0:1 -  -  [13/Aug/2015:06:53:39 +0000] "GET /ph HTTP/1.1" 200 15  1
0:0:0:0:0:0:0:1 -  -  [13/Aug/2015:06:53:39 +0000] "GET /temperature HTTP/1.1" 200 43  0
0:0:0:0:0:0:0:1 -  -  [13/Aug/2015:06:53:41 +0000] "GET /ph HTTP/1.1" 200 15  1
0:0:0:0:0:0:0:1 -  -  [13/Aug/2015:06:53:41 +0000] "GET /temperature HTTP/1.1" 200 43  1
0:0:0:0:0:0:0:1 -  -  [13/Aug/2015:06:53:43 +0000] "GET /temperature HTTP/1.1" 200 43  1
0:0:0:0:0:0:0:1 -  -  [13/Aug/2015:06:53:43 +0000] "GET /ph HTTP/1.1" 200 15  1
0:0:0:0:0:0:0:1 -  -  [13/Aug/2015:06:53:45 +0000] "GET /ph HTTP/1.1" 200 15  2
0:0:0:0:0:0:0:1 -  -  [13/Aug/2015:06:53:45 +0000] "GET /temperature HTTP/1.1" 200 43  2
0:0:0:0:0:0:0:1 -  -  [13/Aug/2015:06:53:47 +0000] "GET /temperature HTTP/1.1" 200 43  1
0:0:0:0:0:0:0:1 -  -  [13/Aug/2015:06:53:47 +0000] "GET /ph HTTP/1.1" 200 15  1
0:0:0:0:0:0:0:1 -  -  [13/Aug/2015:06:53:49 +0000] "GET /ph HTTP/1.1" 200 15  1
0:0:0:0:0:0:0:1 -  -  [13/Aug/2015:06:53:49 +0000] "GET /temperature HTTP/1.1" 200 43  1
0:0:0:0:0:0:0:1 -  -  [13/Aug/2015:06:53:51 +0000] "GET /ph HTTP/1.1" 200 15  1
0:0:0:0:0:0:0:1 -  -  [13/Aug/2015:06:53:51 +0000] "GET /temperature HTTP/1.1" 200 43  1
0:0:0:0:0:0:0:1 -  -  [13/Aug/2015:06:53:53 +0000] "GET /ph HTTP/1.1" 200 15  1
0:0:0:0:0:0:0:1 -  -  [13/Aug/2015:06:53:53 +0000] "GET /temperature HTTP/1.1" 200 43  2
0:0:0:0:0:0:0:1 -  -  [13/Aug/2015:06:53:55 +0000] "GET /ph HTTP/1.1" 200 15  1
0:0:0:0:0:0:0:1 -  -  [13/Aug/2015:06:53:55 +0000] "GET /temperature HTTP/1.1" 200 43  1
0:0:0:0:0:0:0:1 -  -  [13/Aug/2015:06:53:57 +0000] "GET /ph HTTP/1.1" 200 15  1
0:0:0:0:0:0:0:1 -  -  [13/Aug/2015:06:53:57 +0000] "GET /temperature HTTP/1.1" 200 43  3
0:0:0:0:0:0:0:1 -  -  [13/Aug/2015:06:53:59 +0000] "GET /ph HTTP/1.1" 200 15  1
0:0:0:0:0:0:0:1 -  -  [13/Aug/2015:06:53:59 +0000] "GET /temperature HTTP/1.1" 200 43  1
0:0:0:0:0:0:0:1 -  -  [13/Aug/2015:06:54:01 +0000] "GET /ph HTTP/1.1" 200 15  1
0:0:0:0:0:0:0:1 -  -  [13/Aug/2015:06:54:01 +0000] "GET /temperature HTTP/1.1" 200 43  2
0:0:0:0:0:0:0:1 -  -  [13/Aug/2015:06:54:03 +0000] "GET /ph HTTP/1.1" 200 15  1
0:0:0:0:0:0:0:1 -  -  [13/Aug/2015:06:54:03 +0000] "GET /temperature HTTP/1.1" 200 43  1
0:0:0:0:0:0:0:1 -  -  [13/Aug/2015:06:54:05 +0000] "GET /temperature HTTP/1.1" 200 43  1
0:0:0:0:0:0:0:1 -  -  [13/Aug/2015:06:54:05 +0000] "GET /ph HTTP/1.1" 200 15  0
0:0:0:0:0:0:0:1 -  -  [13/Aug/2015:06:54:07 +0000] "GET /temperature HTTP/1.1" 200 43  1
0:0:0:0:0:0:0:1 -  -  [13/Aug/2015:06:54:07 +0000] "GET /ph HTTP/1.1" 200 15  1
0:0:0:0:0:0:0:1 -  -  [13/Aug/2015:06:54:09 +0000] "GET /temperature HTTP/1.1" 200 43  1
0:0:0:0:0:0:0:1 -  -  [13/Aug/2015:06:54:09 +0000] "GET /ph HTTP/1.1" 200 15  1
0:0:0:0:0:0:0:1 -  -  [13/Aug/2015:06:54:11 +0000] "GET /ph HTTP/1.1" 200 15  1
0:0:0:0:0:0:0:1 -  -  [13/Aug/2015:06:54:11 +0000] "GET /temperature HTTP/1.1" 200 43  1
0:0:0:0:0:0:0:1 -  -  [13/Aug/2015:06:54:13 +0000] "GET /ph HTTP/1.1" 200 15  2
0:0:0:0:0:0:0:1 -  -  [13/Aug/2015:06:54:13 +0000] "GET /temperature HTTP/1.1" 200 43  0
0:0:0:0:0:0:0:1 -  -  [13/Aug/2015:06:54:15 +0000] "GET /ph HTTP/1.1" 200 15  1
0:0:0:0:0:0:0:1 -  -  [13/Aug/2015:06:54:15 +0000] "GET /temperature HTTP/1.1" 200 43  1
0:0:0:0:0:0:0:1 -  -  [13/Aug/2015:06:54:17 +0000] "GET /temperature HTTP/1.1" 200 43  1
0:0:0:0:0:0:0:1 -  -  [13/Aug/2015:06:54:17 +0000] "GET /ph HTTP/1.1" 200 15  1
0:0:0:0:0:0:0:1 -  -  [13/Aug/2015:06:54:19 +0000] "GET /temperature HTTP/1.1" 200 43  1
0:0:0:0:0:0:0:1 -  -  [13/Aug/2015:06:54:19 +0000] "GET /ph HTTP/1.1" 200 15  1
0:0:0:0:0:0:0:1 -  -  [13/Aug/2015:06:54:21 +0000] "GET /ph HTTP/1.1" 200 15  1
0:0:0:0:0:0:0:1 -  -  [13/Aug/2015:06:54:21 +0000] "GET /temperature HTTP/1.1" 200 43  1
0:0:0:0:0:0:0:1 -  -  [13/Aug/2015:06:54:23 +0000] "GET /ph HTTP/1.1" 200 15  1
0:0:0:0:0:0:0:1 -  -  [13/Aug/2015:06:54:23 +0000] "GET /temperature HTTP/1.1" 200 43  1
0:0:0:0:0:0:0:1 -  -  [13/Aug/2015:06:54:25 +0000] "GET /temperature HTTP/1.1" 200 43  1
0:0:0:0:0:0:0:1 -  -  [13/Aug/2015:06:54:25 +0000] "GET /ph HTTP/1.1" 200 15  1
0:0:0:0:0:0:0:1 -  -  [13/Aug/2015:06:54:27 +0000] "GET /temperature HTTP/1.1" 200 43  1
0:0:0:0:0:0:0:1 -  -  [13/Aug/2015:06:54:27 +0000] "GET /ph HTTP/1.1" 200 15  0
0:0:0:0:0:0:0:1 -  -  [13/Aug/2015:06:54:29 +0000] "GET /temperature HTTP/1.1" 200 43  2
0:0:0:0:0:0:0:1 -  -  [13/Aug/2015:06:54:29 +0000] "GET /ph HTTP/1.1" 200 15  1
0:0:0:0:0:0:0:1 -  -  [13/Aug/2015:06:54:31 +0000] "GET /temperature HTTP/1.1" 200 43  1
0:0:0:0:0:0:0:1 -  -  [13/Aug/2015:06:54:31 +0000] "GET /ph HTTP/1.1" 200 15  1
0:0:0:0:0:0:0:1 -  -  [13/Aug/2015:06:54:33 +0000] "GET /ph HTTP/1.1" 200 15  1
0:0:0:0:0:0:0:1 -  -  [13/Aug/2015:06:54:33 +0000] "GET /temperature HTTP/1.1" 200 43  0
0:0:0:0:0:0:0:1 -  -  [13/Aug/2015:06:54:35 +0000] "GET /ph HTTP/1.1" 200 15  1
0:0:0:0:0:0:0:1 -  -  [13/Aug/2015:06:54:35 +0000] "GET /temperature HTTP/1.1" 200 43  1
0:0:0:0:0:0:0:1 -  -  [13/Aug/2015:06:54:37 +0000] "GET /ph HTTP/1.1" 200 15  1
0:0:0:0:0:0:0:1 -  -  [13/Aug/2015:06:54:37 +0000] "GET /temperature HTTP/1.1" 200 43  1
0:0:0:0:0:0:0:1 -  -  [13/Aug/2015:06:54:39 +0000] "GET /ph HTTP/1.1" 200 15  1
0:0:0:0:0:0:0:1 -  -  [13/Aug/2015:06:54:39 +0000] "GET /temperature HTTP/1.1" 200 43  1
0:0:0:0:0:0:0:1 -  -  [13/Aug/2015:06:54:41 +0000] "GET /ph HTTP/1.1" 200 15  1
0:0:0:0:0:0:0:1 -  -  [13/Aug/2015:06:54:41 +0000] "GET /temperature HTTP/1.1" 200 43  1
