0:0:0:0:0:0:0:1 -  -  [30/Mar/2014:22:58:35 +0000] "GET / HTTP/1.1" 503 1287  11
0:0:0:0:0:0:0:1 -  -  [30/Mar/2014:22:58:35 +0000] "GET /favicon.ico HTTP/1.1" 503 1298  1
0:0:0:0:0:0:0:1 -  -  [30/Mar/2014:22:59:57 +0000] "GET / HTTP/1.1" 200 299  19
0:0:0:0:0:0:0:1 -  -  [30/Mar/2014:22:59:57 +0000] "GET /jetty-dir.css HTTP/1.1" 200 319  9
0:0:0:0:0:0:0:1 -  -  [30/Mar/2014:22:59:57 +0000] "GET /favicon.ico HTTP/1.1" 404 1376  2
0:0:0:0:0:0:0:1 -  -  [30/Mar/2014:23:00:30 +0000] "GET / HTTP/1.1" 503 1287  20
0:0:0:0:0:0:0:1 -  -  [30/Mar/2014:23:00:54 +0000] "GET / HTTP/1.1" 503 1287  2
0:0:0:0:0:0:0:1 -  -  [30/Mar/2014:23:01:03 +0000] "GET / HTTP/1.1" 503 1287  19
0:0:0:0:0:0:0:1 -  -  [30/Mar/2014:23:01:05 +0000] "GET / HTTP/1.1" 503 1287  1
0:0:0:0:0:0:0:1 -  -  [30/Mar/2014:23:01:05 +0000] "GET /favicon.ico HTTP/1.1" 503 1298  1
0:0:0:0:0:0:0:1 -  -  [30/Mar/2014:23:04:31 +0000] "GET / HTTP/1.1" 503 1287  20
0:0:0:0:0:0:0:1 -  -  [30/Mar/2014:23:04:32 +0000] "GET /favicon.ico HTTP/1.1" 503 1298  2
0:0:0:0:0:0:0:1 -  -  [30/Mar/2014:23:09:36 +0000] "GET / HTTP/1.1" 200 6688  1491
0:0:0:0:0:0:0:1 -  -  [30/Mar/2014:23:09:37 +0000] "GET /c/style.css;jsessionid=v9eeok24kj4l1i5n9mngonl2f HTTP/1.1" 200 9519  3
0:0:0:0:0:0:0:1 -  -  [30/Mar/2014:23:09:37 +0000] "GET /c/desk.css;jsessionid=v9eeok24kj4l1i5n9mngonl2f HTTP/1.1" 200 2765  5
0:0:0:0:0:0:0:1 -  -  [30/Mar/2014:23:09:37 +0000] "GET /c/jquery.gridster.min.css;jsessionid=v9eeok24kj4l1i5n9mngonl2f HTTP/1.1" 200 3030  7
0:0:0:0:0:0:0:1 -  -  [30/Mar/2014:23:09:37 +0000] "GET /s/gauge.min.js;jsessionid=v9eeok24kj4l1i5n9mngonl2f HTTP/1.1" 200 12317  4
0:0:0:0:0:0:0:1 -  -  [30/Mar/2014:23:09:37 +0000] "GET /s/jquery.gridster.min.js;jsessionid=v9eeok24kj4l1i5n9mngonl2f HTTP/1.1" 200 42606  4
0:0:0:0:0:0:0:1 -  -  [30/Mar/2014:23:09:37 +0000] "GET /s/jquery-1.11.0.min.js;jsessionid=v9eeok24kj4l1i5n9mngonl2f HTTP/1.1" 200 96380  7
0:0:0:0:0:0:0:1 -  -  [30/Mar/2014:23:09:37 +0000] "GET /fonts/digital-7-mono.ttf HTTP/1.1" 200 33992  10
0:0:0:0:0:0:0:1 -  -  [30/Mar/2014:23:09:38 +0000] "GET /favicon.ico HTTP/1.1" 404 1376  2
0:0:0:0:0:0:0:1 -  -  [30/Mar/2014:23:09:39 +0000] "GET /temperature HTTP/1.1" 200 14  48
0:0:0:0:0:0:0:1 -  -  [30/Mar/2014:23:09:41 +0000] "GET /temperature HTTP/1.1" 200 14  2
0:0:0:0:0:0:0:1 -  -  [30/Mar/2014:23:09:43 +0000] "GET /temperature HTTP/1.1" 200 14  1
